2025-04-23 21:23:28.867 [info] Reading sessions from keychain...
2025-04-23 21:23:28.867 [info] Getting sessions for all scopes...
2025-04-23 21:23:28.867 [info] Getting sessions for all scopes...
2025-04-23 21:23:28.867 [info] Getting sessions for all scopes...
2025-04-23 21:23:28.867 [info] Getting sessions for all scopes...
2025-04-23 21:23:28.867 [info] Got 0 sessions for ...
2025-04-23 21:23:28.867 [info] Got 0 sessions for ...
2025-04-23 21:23:28.867 [info] Got 0 sessions for ...
2025-04-23 21:23:28.867 [info] Got 0 sessions for ...
2025-04-23 21:23:28.867 [info] Getting sessions for all scopes...
2025-04-23 21:23:28.867 [info] Got 0 sessions for ...
2025-04-23 21:23:28.867 [info] Getting sessions for all scopes...
2025-04-23 21:23:28.867 [info] Got 0 sessions for ...
2025-04-23 21:23:28.867 [info] Getting sessions for all scopes...
2025-04-23 21:23:28.867 [info] Got 0 sessions for ...
2025-04-23 21:23:28.867 [info] Getting sessions for all scopes...
2025-04-23 21:23:28.867 [info] Got 0 sessions for ...
2025-04-23 21:23:28.867 [info] Getting sessions for all scopes...
2025-04-23 21:23:28.867 [info] Got 0 sessions for ...
2025-04-23 21:23:30.307 [info] Getting sessions for all scopes...
2025-04-23 21:23:30.307 [info] Got 0 sessions for ...
2025-04-23 21:23:36.702 [info] Getting sessions for read:user,repo,user:email,workflow...
2025-04-23 21:23:36.702 [info] Got 0 sessions for read:user,repo,user:email,workflow...
